2025-11-13 22:04:46,485 - scripts.check_pageviews - INFO - [*] 正在网络查询: Professor (en)
2025-11-13 22:04:46,486 - scripts.check_pageviews - INFO - [*] 正在网络查询: Qin Yizhi (en)
2025-11-13 22:04:46,486 - scripts.check_pageviews - INFO - [*] 正在网络查询: Qinglong Manchu Autonomous County (en)
2025-11-13 22:04:46,487 - scripts.check_pageviews - INFO - [*] 正在网络查询: Rivne Oblast (en)
2025-11-13 22:04:46,487 - scripts.check_pageviews - INFO - [*] 正在网络查询: Rose Kennedy (en)
2025-11-13 22:04:46,487 - scripts.check_pageviews - INFO - [*] 正在网络查询: Sachiko, Princess Hisa (en)
2025-11-13 22:04:46,487 - scripts.check_pageviews - INFO - [*] 正在网络查询: Sevastopol (en)
2025-11-13 22:04:46,487 - scripts.check_pageviews - INFO - [*] 正在网络查询: Shanghai Academy of Social Sciences (en)
2025-11-13 22:04:46,487 - scripts.check_pageviews - INFO - [*] 正在网络查询: Shanghai Media Group (en)
2025-11-13 22:04:46,487 - scripts.check_pageviews - INFO - [*] 正在网络查询: Shanglin County (en)
2025-11-13 22:04:46,487 - scripts.check_pageviews - INFO - [*] 正在网络查询: Shantou (en)
2025-11-13 22:04:46,487 - scripts.check_pageviews - INFO - [*] 正在网络查询: Shenyang Military Region (en)
2025-11-13 22:04:46,488 - scripts.check_pageviews - INFO - [*] 正在网络查询: Soviet Volunteer Group (en)
2025-11-13 22:04:46,488 - scripts.check_pageviews - INFO - [*] 正在网络查询: State visit by Deng Xiaoping to the United States (en)
2025-11-13 22:04:46,488 - scripts.check_pageviews - INFO - [*] 正在网络查询: Sun Laiyan (en)
2025-11-13 22:04:46,488 - scripts.check_pageviews - INFO - [*] 正在网络查询: Sunni Islam (en)
2025-11-13 22:04:46,488 - scripts.check_pageviews - INFO - [*] 正在网络查询: Susan Hockfield (en)
2025-11-13 22:04:46,488 - scripts.check_pageviews - INFO - [*] 正在网络查询: Taiwan independence movement (en)
2025-11-13 22:04:46,488 - scripts.check_pageviews - INFO - [*] 正在网络查询: Takako Shimazu (en)
2025-11-13 22:04:46,488 - scripts.check_pageviews - INFO - [*] 正在网络查询: The Trump Organization (en)
2025-11-13 22:04:46,489 - scripts.check_pageviews - INFO - [*] 正在网络查询: Tong Zhiguang (en)
2025-11-13 22:04:46,489 - scripts.check_pageviews - INFO - [*] 正在网络查询: Trans-Pacific Partnership (en)
2025-11-13 22:04:46,489 - scripts.check_pageviews - INFO - [*] 正在网络查询: United Nations Environment Programme (en)
2025-11-13 22:04:46,489 - scripts.check_pageviews - INFO - [*] 正在网络查询: United Nations General Assembly Resolution 68/262 (en)
2025-11-13 22:04:46,489 - scripts.check_pageviews - INFO - [*] 正在网络查询: University of Illinois Urbana-Champaign (en)
2025-11-13 22:04:46,489 - scripts.check_pageviews - INFO - [*] 正在网络查询: University of Minnesota (en)
2025-11-13 22:04:46,489 - scripts.check_pageviews - INFO - [*] 正在网络查询: Viktoria Brezhneva (en)
2025-11-13 22:04:46,489 - scripts.check_pageviews - INFO - [*] 正在网络查询: Wanyan Yongji (en)
2025-11-13 22:04:46,490 - scripts.check_pageviews - INFO - [*] 正在网络查询: Watkin's Tower (en)
2025-11-13 22:04:46,490 - scripts.check_pageviews - INFO - [*] 正在网络查询: Wei Qing (en)
2025-11-13 22:04:46,490 - scripts.check_pageviews - INFO - [*] 正在网络查询: Wenzhou (en)
2025-11-13 22:04:46,490 - scripts.check_pageviews - INFO - [*] 正在网络查询: Western Regions (en)
2025-11-13 22:04:46,490 - scripts.check_pageviews - INFO - [*] 正在网络查询: Wu Jieming (en)
2025-11-13 22:04:46,490 - scripts.check_pageviews - INFO - [*] 正在网络查询: Wu Lien-teh (en)
2025-11-13 22:04:46,490 - scripts.check_pageviews - INFO - [*] 正在网络查询: Wu Yi-chen (en)
2025-11-13 22:04:46,490 - scripts.check_pageviews - INFO - [*] 正在网络查询: Xi'an (en)
2025-11-13 22:04:46,490 - scripts.check_pageviews - INFO - [*] 正在网络查询: Xiao Tianliang (en)
2025-11-13 22:04:46,491 - scripts.check_pageviews - INFO - [*] 正在网络查询: Xu (surname 許) (en)
2025-11-13 22:04:46,491 - scripts.check_pageviews - INFO - [*] 正在网络查询: Xu Youzhen (en)
2025-11-13 22:04:46,491 - scripts.check_pageviews - INFO - [*] 正在网络查询: Xun Can (en)
2025-11-13 22:04:46,491 - scripts.check_pageviews - INFO - [*] 正在网络查询: Yan (state) (en)
2025-11-13 22:04:46,491 - scripts.check_pageviews - INFO - [*] 正在网络查询: Yemeni civil war (2014–present) (en)
2025-11-13 22:04:46,491 - scripts.check_pageviews - INFO - [*] 正在网络查询: Yongle Encyclopedia (en)
2025-11-13 22:04:46,491 - scripts.check_pageviews - INFO - [*] 正在网络查询: Yu Guoxing (en)
2025-11-13 22:04:46,491 - scripts.check_pageviews - INFO - [*] 正在网络查询: Yuncheng (en)
2025-11-13 22:04:46,491 - scripts.check_pageviews - INFO - [*] 正在网络查询: Zhang Jun (ambassador) (en)
2025-11-13 22:04:46,492 - scripts.check_pageviews - INFO - [*] 正在网络查询: Zhao Keming (en)
2025-11-13 22:04:46,492 - scripts.check_pageviews - INFO - [*] 正在网络查询: Zheng Xiaoxu (en)
2025-11-13 22:04:46,492 - scripts.check_pageviews - INFO - [*] 正在网络查询: Шойгу, Сергей Кужугетович (ru)
2025-11-13 22:04:46,492 - scripts.check_pageviews - INFO - [*] 正在网络查询: 2000年朝韓首腦會晤 (zh)
2025-11-13 22:04:46,492 - scripts.check_pageviews - INFO - [*] 正在网络查询: 光明報 (zh)
2025-11-13 22:04:46,492 - scripts.check_pageviews - INFO - [*] 正在网络查询: 公民組合 (zh)
2025-11-13 22:04:46,492 - scripts.check_pageviews - INFO - [*] 正在网络查询: 北洋軍 (zh)
2025-11-13 22:04:46,492 - scripts.check_pageviews - INFO - [*] 正在网络查询: 另類全球化 (zh)
2025-11-13 22:04:46,493 - scripts.check_pageviews - INFO - [*] 正在网络查询: 台灣觀光協會 (zh)
2025-11-13 22:04:46,493 - scripts.check_pageviews - INFO - [*] 正在网络查询: 基隆市工作委員會案 (zh)
2025-11-13 22:04:46,493 - scripts.check_pageviews - INFO - [*] 正在网络查询: 天地圖書 (zh)
2025-11-13 22:04:46,493 - scripts.check_pageviews - INFO - [*] 正在网络查询: 安慶公主 (zh)
2025-11-13 22:04:46,493 - scripts.check_pageviews - INFO - [*] 正在网络查询: 宋元以來俗字譜 (zh)
2025-11-13 22:04:46,493 - scripts.check_pageviews - INFO - [*] 正在网络查询: 審食其 (zh)
2025-11-13 22:04:46,493 - scripts.check_pageviews - INFO - [*] 正在网络查询: 憲法法庭 (zh)
2025-11-13 22:04:46,493 - scripts.check_pageviews - INFO - [*] 正在网络查询: 新竹市立光華國民中學 (zh)
2025-11-13 22:04:46,493 - scripts.check_pageviews - INFO - [*] 正在网络查询: 李鴻 (1903年) (zh)
2025-11-13 22:04:46,494 - scripts.check_pageviews - INFO - [*] 正在网络查询: 江鵬堅 (zh)
2025-11-13 22:04:46,494 - scripts.check_pageviews - INFO - [*] 正在网络查询: 渠江縣 (zh)
2025-11-13 22:04:46,494 - scripts.check_pageviews - INFO - [*] 正在网络查询: 烏坎事件 (zh)
2025-11-13 22:04:46,494 - scripts.check_pageviews - INFO - [*] 正在网络查询: 美國陸軍第1騎兵師 (zh)
2025-11-13 22:04:46,494 - scripts.check_pageviews - INFO - [*] 正在网络查询: 自由黨 (大韓民國) (zh)
2025-11-13 22:04:46,494 - scripts.check_pageviews - INFO - [*] 正在网络查询: 蒙古征戰 (zh)
2025-11-13 22:04:46,494 - scripts.check_pageviews - INFO - [*] 正在网络查询: 譚啟龍 (zh)
2025-11-13 22:04:46,494 - scripts.check_pageviews - INFO - [*] 正在网络查询: 陳正然 (zh)
2025-11-13 22:04:46,495 - scripts.check_pageviews - INFO - [*] 正在网络查询: 陳策 (海軍上將) (zh)
2025-11-13 22:04:46,495 - scripts.check_pageviews - INFO - [*] 正在网络查询: 陳自強 (香港) (zh)
2025-11-13 22:04:46,495 - scripts.check_pageviews - INFO - [*] 正在网络查询: 馬克斯·繆勒 (zh)
2025-11-13 22:04:46,495 - scripts.check_pageviews - INFO - [*] 正在网络查询: 黎慶寧 (zh)
2025-11-13 22:04:46,495 - scripts.check_pageviews - INFO - [*] 正在网络查询: 黑茶山空難 (zh)
2025-11-13 22:06:01,956 - scripts.check_pageviews - INFO - 
--- 步骤 3/3: 整合所有数据、排序、保存并重写文件 ---
2025-11-13 22:06:01,997 - scripts.check_pageviews - INFO - 已从 creation_date_cache 中随机删除 1000 条记录。
2025-11-13 22:06:02,172 - scripts.check_pageviews - INFO - 缓存已成功更新至: pageviews_cache.json
2025-11-13 22:06:02,189 - scripts.check_pageviews - INFO - 缓存已成功更新至: creation_date_cache.json
2025-11-13 22:06:02,189 - scripts.check_pageviews - INFO - 
--- 正在用排序后的结果重写 LIST.md ---
2025-11-13 22:06:02,206 - scripts.check_pageviews - INFO - --- LIST.md 文件更新成功 ---
2025-11-13 22:06:02,207 - scripts.check_pageviews - INFO - 
--- 全部任务完成 ---
2025-11-13 22:06:02,227 - root - INFO - --- 步骤 4/5: 页面热度检查与列表排序完成 ---

2025-11-13 22:06:02,227 - root - INFO - --- 步骤 5/5: 开始生成前端数据文件 ---
2025-11-13 22:06:02,227 - scripts.generate_frontend_data - INFO - ====== 启动前端数据生成脚本 ======
2025-11-13 22:06:02,227 - scripts.services.graph_io - INFO - 成功加载主图谱文件: master_graph_qcode.json
2025-11-13 22:06:02,407 - scripts.generate_frontend_data - INFO - 正在筛选 2000 个热度节点和 100 个随机节点...
2025-11-13 22:06:02,559 - scripts.generate_frontend_data - INFO - 
--- 第一阶段: 按热度筛选 (含类别内递补) ---
2025-11-13 22:06:02,559 - scripts.generate_frontend_data - INFO - 类别 'person': 成功选取 1184 / 1184 个热度节点。
2025-11-13 22:06:02,559 - scripts.generate_frontend_data - INFO - 类别 'organization': 成功选取 595 / 595 个热度节点。
2025-11-13 22:06:02,560 - scripts.generate_frontend_data - INFO - 类别 'event': 成功选取 61 / 61 个热度节点。
2025-11-13 22:06:02,560 - scripts.generate_frontend_data - INFO - 类别 'movement': 成功选取 46 / 46 个热度节点。
2025-11-13 22:06:02,560 - scripts.generate_frontend_data - INFO - 类别 'location': 成功选取 47 / 47 个热度节点。
2025-11-13 22:06:02,560 - scripts.generate_frontend_data - INFO - 类别 'document': 成功选取 67 / 67 个热度节点。
2025-11-13 22:06:02,560 - scripts.generate_frontend_data - INFO - 
--- 第二阶段: 按比例随机筛选 ---
2025-11-13 22:06:02,562 - scripts.generate_frontend_data - INFO - 类别 'organization': 成功选取 30 / 30 个随机节点。
2025-11-13 22:06:02,563 - scripts.generate_frontend_data - INFO - 类别 'location': 成功选取 3 / 3 个随机节点。
2025-11-13 22:06:02,563 - scripts.generate_frontend_data - INFO - 类别 'document': 成功选取 3 / 3 个随机节点。
2025-11-13 22:06:02,564 - scripts.generate_frontend_data - INFO - 类别 'movement': 成功选取 2 / 2 个随机节点。
2025-11-13 22:06:02,567 - scripts.generate_frontend_data - INFO - 类别 'person': 成功选取 59 / 59 个随机节点。
2025-11-13 22:06:02,568 - scripts.generate_frontend_data - INFO - 类别 'event': 成功选取 3 / 3 个随机节点。
2025-11-13 22:06:02,568 - scripts.generate_frontend_data - INFO - 
筛选完成: 2000 个热度节点 + 100 个随机节点 = 2100 个总节点。
2025-11-13 22:06:02,575 - scripts.generate_frontend_data - INFO - 正在生成前端主数据文件...
2025-11-13 22:06:02,671 - scripts.generate_frontend_data - INFO - 成功将 2100 个节点和 4930 条关系写入主文件。
2025-11-13 22:06:02,672 - scripts.generate_frontend_data - INFO - 正在生成简单数据库...
2025-11-13 22:06:04,043 - scripts.generate_frontend_data - INFO - -> 已处理 500/16636 个节点...
2025-11-13 22:06:04,126 - scripts.generate_frontend_data - INFO - -> 已处理 1000/16636 个节点...
2025-11-13 22:06:04,204 - scripts.generate_frontend_data - INFO - -> 已处理 1500/16636 个节点...
2025-11-13 22:06:04,277 - scripts.generate_frontend_data - INFO - -> 已处理 2000/16636 个节点...
2025-11-13 22:06:04,352 - scripts.generate_frontend_data - INFO - -> 已处理 2500/16636 个节点...
2025-11-13 22:06:04,573 - scripts.generate_frontend_data - INFO - -> 已处理 3000/16636 个节点...
2025-11-13 22:06:04,662 - scripts.generate_frontend_data - INFO - -> 已处理 3500/16636 个节点...
2025-11-13 22:06:04,734 - scripts.generate_frontend_data - INFO - -> 已处理 4000/16636 个节点...
2025-11-13 22:06:04,800 - scripts.generate_frontend_data - INFO - -> 已处理 4500/16636 个节点...
2025-11-13 22:06:04,869 - scripts.generate_frontend_data - INFO - -> 已处理 5000/16636 个节点...
2025-11-13 22:06:04,940 - scripts.generate_frontend_data - INFO - -> 已处理 5500/16636 个节点...
2025-11-13 22:06:05,011 - scripts.generate_frontend_data - INFO - -> 已处理 6000/16636 个节点...
2025-11-13 22:06:05,085 - scripts.generate_frontend_data - INFO - -> 已处理 6500/16636 个节点...
2025-11-13 22:06:05,159 - scripts.generate_frontend_data - INFO - -> 已处理 7000/16636 个节点...
2025-11-13 22:06:05,231 - scripts.generate_frontend_data - INFO - -> 已处理 7500/16636 个节点...
2025-11-13 22:06:05,305 - scripts.generate_frontend_data - INFO - -> 已处理 8000/16636 个节点...
2025-11-13 22:06:05,373 - scripts.generate_frontend_data - INFO - -> 已处理 8500/16636 个节点...
2025-11-13 22:06:05,441 - scripts.generate_frontend_data - INFO - -> 已处理 9000/16636 个节点...
2025-11-13 22:06:05,508 - scripts.generate_frontend_data - INFO - -> 已处理 9500/16636 个节点...
2025-11-13 22:06:05,576 - scripts.generate_frontend_data - INFO - -> 已处理 10000/16636 个节点...
2025-11-13 22:06:05,643 - scripts.generate_frontend_data - INFO - -> 已处理 10500/16636 个节点...
2025-11-13 22:06:05,711 - scripts.generate_frontend_data - INFO - -> 已处理 11000/16636 个节点...
2025-11-13 22:06:05,789 - scripts.generate_frontend_data - INFO - -> 已处理 11500/16636 个节点...
2025-11-13 22:06:05,859 - scripts.generate_frontend_data - INFO - -> 已处理 12000/16636 个节点...
2025-11-13 22:06:05,926 - scripts.generate_frontend_data - INFO - -> 已处理 12500/16636 个节点...
2025-11-13 22:06:06,094 - scripts.generate_frontend_data - INFO - -> 已处理 13000/16636 个节点...
2025-11-13 22:06:06,162 - scripts.generate_frontend_data - INFO - -> 已处理 13500/16636 个节点...
2025-11-13 22:06:06,232 - scripts.generate_frontend_data - INFO - -> 已处理 14000/16636 个节点...
2025-11-13 22:06:06,302 - scripts.generate_frontend_data - INFO - -> 已处理 14500/16636 个节点...
2025-11-13 22:06:06,370 - scripts.generate_frontend_data - INFO - -> 已处理 15000/16636 个节点...
2025-11-13 22:06:06,440 - scripts.generate_frontend_data - INFO - -> 已处理 15500/16636 个节点...
2025-11-13 22:06:06,509 - scripts.generate_frontend_data - INFO - -> 已处理 16000/16636 个节点...
2025-11-13 22:06:06,576 - scripts.generate_frontend_data - INFO - -> 已处理 16500/16636 个节点...
2025-11-13 22:06:06,596 - scripts.generate_frontend_data - INFO - 成功为 16636 个节点生成了数据文件。
2025-11-13 22:06:06,597 - scripts.generate_frontend_data - INFO - 正在生成名称到ID的映射文件...
2025-11-13 22:06:06,643 - scripts.generate_frontend_data - INFO - 成功将 35069 个名称映射写入文件。
2025-11-13 22:06:06,643 - scripts.generate_frontend_data - INFO - =============  前端数据生成完毕  =============
2025-11-13 22:06:06,667 - root - INFO - --- 步骤 5/5: 前端数据与数据库生成完成 ---

2025-11-13 22:06:06,667 - root - INFO - ==================================================
2025-11-13 22:06:06,667 - root - INFO - ====== 数据流水线执行完毕 (总耗时: 12799.72 秒) ======
2025-11-13 22:06:06,667 - root - INFO - ==================================================
