
--- 运行开始于: 2025-10-01 10:55:57 中国标准时间 ---
ITEM: 习近平 | PERIOD: 2024-09-30 to 2025-09-30 (365 days) | TOTAL: 3562041 | AVG_DAILY: 9759.02
ITEM: 毛泽东 | PERIOD: 2024-09-30 to 2025-09-30 (365 days) | TOTAL: 1309979 | AVG_DAILY: 3588.98
ITEM: 胡锦涛 | PERIOD: 2024-09-30 to 2025-09-30 (365 days) | TOTAL: 1036105 | AVG_DAILY: 2838.64
ITEM: 王洪文 | PERIOD: 2024-09-30 to 2025-09-30 (365 days) | TOTAL: 984238 | AVG_DAILY: 2696.54
ITEM: 邓小平 | PERIOD: 2024-09-30 to 2025-09-30 (365 days) | TOTAL: 918611 | AVG_DAILY: 2516.74
ITEM: 蔣中正 | PERIOD: 2024-09-30 to 2025-09-30 (365 days) | TOTAL: 856474 | AVG_DAILY: 2346.50
ITEM: 江泽民 | PERIOD: 2024-09-30 to 2025-09-30 (365 days) | TOTAL: 783917 | AVG_DAILY: 2147.72
ITEM: 李克强 | PERIOD: 2024-09-30 to 2025-09-30 (365 days) | TOTAL: 779664 | AVG_DAILY: 2136.07
ITEM: 林彪 | PERIOD: 2024-09-30 to 2025-09-30 (365 days) | TOTAL: 694975 | AVG_DAILY: 1904.04
ITEM: 习仲勋 | PERIOD: 2024-09-30 to 2025-09-30 (365 days) | TOTAL: 646512 | AVG_DAILY: 1771.27
ITEM: 赵紫阳 | PERIOD: 2024-09-30 to 2025-09-30 (365 days) | TOTAL: 638252 | AVG_DAILY: 1748.64
ITEM: 李强 (1959年) | PERIOD: 2024-09-30 to 2025-09-30 (365 days) | TOTAL: 619564 | AVG_DAILY: 1697.44
ITEM: 王沪宁 | PERIOD: 2024-09-30 to 2025-09-30 (365 days) | TOTAL: 595060 | AVG_DAILY: 1630.30
ITEM: 江青 | PERIOD: 2024-09-30 to 2025-09-30 (365 days) | TOTAL: 555713 | AVG_DAILY: 1522.50
ITEM: 胡耀邦 | PERIOD: 2024-09-30 to 2025-09-30 (365 days) | TOTAL: 515092 | AVG_DAILY: 1411.21
ITEM: 周永康 | PERIOD: 2024-09-30 to 2025-09-30 (365 days) | TOTAL: 510037 | AVG_DAILY: 1397.36
ITEM: 华国锋 | PERIOD: 2024-09-30 to 2025-09-30 (365 days) | TOTAL: 466535 | AVG_DAILY: 1278.18
ITEM: 蔡奇 | PERIOD: 2024-09-30 to 2025-09-30 (365 days) | TOTAL: 458371 | AVG_DAILY: 1255.81
ITEM: 周恩来 | PERIOD: 2024-09-30 to 2025-09-30 (365 days) | TOTAL: 447929 | AVG_DAILY: 1227.20
ITEM: 叶剑英 | PERIOD: 2024-09-30 to 2025-09-30 (365 days) | TOTAL: 433211 | AVG_DAILY: 1186.88
ITEM: 刘少奇 | PERIOD: 2024-09-30 to 2025-09-30 (365 days) | TOTAL: 424024 | AVG_DAILY: 1161.71
ITEM: 温家宝 | PERIOD: 2024-09-30 to 2025-09-30 (365 days) | TOTAL: 404181 | AVG_DAILY: 1107.35
ITEM: 朱镕基 | PERIOD: 2024-09-30 to 2025-09-30 (365 days) | TOTAL: 398645 | AVG_DAILY: 1092.18
ITEM: 丁薛祥 | PERIOD: 2024-09-30 to 2025-09-30 (365 days) | TOTAL: 394547 | AVG_DAILY: 1080.95
ITEM: 王岐山 | PERIOD: 2024-09-30 to 2025-09-30 (365 days) | TOTAL: 370920 | AVG_DAILY: 1016.22
ITEM: 吴邦国 | PERIOD: 2024-09-30 to 2025-09-30 (365 days) | TOTAL: 352050 | AVG_DAILY: 964.52
ITEM: 陈云 | PERIOD: 2024-09-30 to 2025-09-30 (365 days) | TOTAL: 345536 | AVG_DAILY: 946.67
ITEM: 韩正 | PERIOD: 2024-09-30 to 2025-09-30 (365 days) | TOTAL: 328484 | AVG_DAILY: 899.96
ITEM: 彭德怀 | PERIOD: 2024-09-30 to 2025-09-30 (365 days) | TOTAL: 299406 | AVG_DAILY: 820.29
ITEM: 赵乐际 | PERIOD: 2024-09-30 to 2025-09-30 (365 days) | TOTAL: 289146 | AVG_DAILY: 792.18
ITEM: 曾庆红 | PERIOD: 2024-09-30 to 2025-09-30 (365 days) | TOTAL: 277239 | AVG_DAILY: 759.56
ITEM: 宋庆龄 | PERIOD: 2024-09-30 to 2025-09-30 (365 days) | TOTAL: 274018 | AVG_DAILY: 750.73
ITEM: 杨尚昆 | PERIOD: 2024-09-30 to 2025-09-30 (365 days) | TOTAL: 272711 | AVG_DAILY: 747.15
ITEM: 薄一波 | PERIOD: 2024-09-30 to 2025-09-30 (365 days) | TOTAL: 263073 | AVG_DAILY: 720.75
ITEM: 李鹏 | PERIOD: 2024-09-30 to 2025-09-30 (365 days) | TOTAL: 256225 | AVG_DAILY: 701.99
ITEM: 朱德 | PERIOD: 2024-09-30 to 2025-09-30 (365 days) | TOTAL: 220950 | AVG_DAILY: 605.34
ITEM: 张春桥 | PERIOD: 2024-09-30 to 2025-09-30 (365 days) | TOTAL: 219732 | AVG_DAILY: 602.01
ITEM: 李希 | PERIOD: 2024-09-30 to 2025-09-30 (365 days) | TOTAL: 218181 | AVG_DAILY: 597.76
ITEM: 康生 | PERIOD: 2024-09-30 to 2025-09-30 (365 days) | TOTAL: 206530 | AVG_DAILY: 565.84
ITEM: 汪洋 (1955年) | PERIOD: 2024-09-30 to 2025-09-30 (365 days) | TOTAL: 200456 | AVG_DAILY: 549.19
ITEM: 栗战书 | PERIOD: 2024-09-30 to 2025-09-30 (365 days) | TOTAL: 181651 | AVG_DAILY: 497.67
ITEM: 张高丽 | PERIOD: 2024-09-30 to 2025-09-30 (365 days) | TOTAL: 173927 | AVG_DAILY: 476.51
ITEM: 李先念 | PERIOD: 2024-09-30 to 2025-09-30 (365 days) | TOTAL: 169111 | AVG_DAILY: 463.32
ITEM: 高岗 | PERIOD: 2024-09-30 to 2025-09-30 (365 days) | TOTAL: 166721 | AVG_DAILY: 456.77
ITEM: 张国焘 | PERIOD: 2024-09-30 to 2025-09-30 (365 days) | TOTAL: 165082 | AVG_DAILY: 452.28
ITEM: 宋平 | PERIOD: 2024-09-30 to 2025-09-30 (365 days) | TOTAL: 163252 | AVG_DAILY: 447.27
ITEM: 陈独秀 | PERIOD: 2024-09-30 to 2025-09-30 (365 days) | TOTAL: 157299 | AVG_DAILY: 430.96
ITEM: 俞正声 | PERIOD: 2024-09-30 to 2025-09-30 (365 days) | TOTAL: 152611 | AVG_DAILY: 418.11
ITEM: 郭沫若 | PERIOD: 2024-09-30 to 2025-09-30 (365 days) | TOTAL: 141334 | AVG_DAILY: 387.22
ITEM: 王震 | PERIOD: 2024-09-30 to 2025-09-30 (365 days) | TOTAL: 137080 | AVG_DAILY: 375.56
ITEM: 荣毅仁 | PERIOD: 2024-09-30 to 2025-09-30 (365 days) | TOTAL: 129699 | AVG_DAILY: 355.34
ITEM: 贺龙 | PERIOD: 2024-09-30 to 2025-09-30 (365 days) | TOTAL: 129350 | AVG_DAILY: 354.38
ITEM: 粟裕 | PERIOD: 2024-09-30 to 2025-09-30 (365 days) | TOTAL: 120920 | AVG_DAILY: 331.29
ITEM: 贾庆林 | PERIOD: 2024-09-30 to 2025-09-30 (365 days) | TOTAL: 119828 | AVG_DAILY: 328.30
ITEM: 李瑞环 | PERIOD: 2024-09-30 to 2025-09-30 (365 days) | TOTAL: 119563 | AVG_DAILY: 327.57
ITEM: 陈毅 | PERIOD: 2024-09-30 to 2025-09-30 (365 days) | TOTAL: 115444 | AVG_DAILY: 316.28
ITEM: 姚文元 | PERIOD: 2024-09-30 to 2025-09-30 (365 days) | TOTAL: 114404 | AVG_DAILY: 313.44
ITEM: 乌兰夫 | PERIOD: 2024-09-30 to 2025-09-30 (365 days) | TOTAL: 113133 | AVG_DAILY: 309.95
ITEM: 王明 | PERIOD: 2024-09-30 to 2025-09-30 (365 days) | TOTAL: 107259 | AVG_DAILY: 293.86
ITEM: 黄菊 | PERIOD: 2024-09-30 to 2025-09-30 (365 days) | TOTAL: 104408 | AVG_DAILY: 286.05
ITEM: 许世友 | PERIOD: 2024-09-30 to 2025-09-30 (365 days) | TOTAL: 103807 | AVG_DAILY: 284.40
ITEM: 徐向前 | PERIOD: 2024-09-30 to 2025-09-30 (365 days) | TOTAL: 103082 | AVG_DAILY: 282.42
ITEM: 胡启立 | PERIOD: 2024-09-30 to 2025-09-30 (365 days) | TOTAL: 103029 | AVG_DAILY: 282.27
ITEM: 博古 | PERIOD: 2024-09-30 to 2025-09-30 (365 days) | TOTAL: 97319 | AVG_DAILY: 266.63
ITEM: 陈伯达 | PERIOD: 2024-09-30 to 2025-09-30 (365 days) | TOTAL: 97287 | AVG_DAILY: 266.54
ITEM: 刘伯承 | PERIOD: 2024-09-30 to 2025-09-30 (365 days) | TOTAL: 97086 | AVG_DAILY: 265.99
ITEM: 张闻天 | PERIOD: 2024-09-30 to 2025-09-30 (365 days) | TOTAL: 92726 | AVG_DAILY: 254.04
ITEM: 张德江 | PERIOD: 2024-09-30 to 2025-09-30 (365 days) | TOTAL: 91443 | AVG_DAILY: 250.53
ITEM: 李长春 | PERIOD: 2024-09-30 to 2025-09-30 (365 days) | TOTAL: 91072 | AVG_DAILY: 249.51
ITEM: 姚依林 | PERIOD: 2024-09-30 to 2025-09-30 (365 days) | TOTAL: 88674 | AVG_DAILY: 242.94
ITEM: 万里 | PERIOD: 2024-09-30 to 2025-09-30 (365 days) | TOTAL: 85343 | AVG_DAILY: 233.82
ITEM: 吴官正 | PERIOD: 2024-09-30 to 2025-09-30 (365 days) | TOTAL: 83178 | AVG_DAILY: 227.88
ITEM: 邓颖超 | PERIOD: 2024-09-30 to 2025-09-30 (365 days) | TOTAL: 82262 | AVG_DAILY: 225.38
ITEM: 彭真 | PERIOD: 2024-09-30 to 2025-09-30 (365 days) | TOTAL: 81894 | AVG_DAILY: 224.37
ITEM: 聂荣臻 | PERIOD: 2024-09-30 to 2025-09-30 (365 days) | TOTAL: 81629 | AVG_DAILY: 223.64
ITEM: 乔石 | PERIOD: 2024-09-30 to 2025-09-30 (365 days) | TOTAL: 79532 | AVG_DAILY: 217.90
ITEM: 刘云山 | PERIOD: 2024-09-30 to 2025-09-30 (365 days) | TOTAL: 72727 | AVG_DAILY: 199.25
ITEM: 饶漱石 | PERIOD: 2024-09-30 to 2025-09-30 (365 days) | TOTAL: 70798 | AVG_DAILY: 193.97
ITEM: 贺国强 | PERIOD: 2024-09-30 to 2025-09-30 (365 days) | TOTAL: 70179 | AVG_DAILY: 192.27
ITEM: 董必武 | PERIOD: 2024-09-30 to 2025-09-30 (365 days) | TOTAL: 64924 | AVG_DAILY: 177.87
ITEM: 罗荣桓 | PERIOD: 2024-09-30 to 2025-09-30 (365 days) | TOTAL: 57869 | AVG_DAILY: 158.55
ITEM: 瞿秋白 | PERIOD: 2024-09-30 to 2025-09-30 (365 days) | TOTAL: 57663 | AVG_DAILY: 157.98
ITEM: 罗干 | PERIOD: 2024-09-30 to 2025-09-30 (365 days) | TOTAL: 55749 | AVG_DAILY: 152.74
ITEM: 宋任穷 | PERIOD: 2024-09-30 to 2025-09-30 (365 days) | TOTAL: 51604 | AVG_DAILY: 141.38
ITEM: 刘华清 | PERIOD: 2024-09-30 to 2025-09-30 (365 days) | TOTAL: 49836 | AVG_DAILY: 136.54
ITEM: 任弼时 | PERIOD: 2024-09-30 to 2025-09-30 (365 days) | TOTAL: 45402 | AVG_DAILY: 124.39
ITEM: 李岚清 | PERIOD: 2024-09-30 to 2025-09-30 (365 days) | TOTAL: 41969 | AVG_DAILY: 114.98
ITEM: 黄敬 | PERIOD: 2024-09-30 to 2025-09-30 (365 days) | TOTAL: 41374 | AVG_DAILY: 113.35
ITEM: 李立三 | PERIOD: 2024-09-30 to 2025-09-30 (365 days) | TOTAL: 41280 | AVG_DAILY: 113.10
ITEM: 向忠发 | PERIOD: 2024-09-30 to 2025-09-30 (365 days) | TOTAL: 39682 | AVG_DAILY: 108.72
ITEM: 谭震林 | PERIOD: 2024-09-30 to 2025-09-30 (365 days) | TOTAL: 37995 | AVG_DAILY: 104.10
ITEM: 李维汉 | PERIOD: 2024-09-30 to 2025-09-30 (365 days) | TOTAL: 37819 | AVG_DAILY: 103.61
ITEM: 尉健行 | PERIOD: 2024-09-30 to 2025-09-30 (365 days) | TOTAL: 33938 | AVG_DAILY: 92.98
ITEM: 王稼祥 | PERIOD: 2024-09-30 to 2025-09-30 (365 days) | TOTAL: 32130 | AVG_DAILY: 88.03
ITEM: 邓子恢 | PERIOD: 2024-09-30 to 2025-09-30 (365 days) | TOTAL: 31664 | AVG_DAILY: 86.75
ITEM: 李富春 | PERIOD: 2024-09-30 to 2025-09-30 (365 days) | TOTAL: 28698 | AVG_DAILY: 78.62
ITEM: 林伯渠 | PERIOD: 2024-09-30 to 2025-09-30 (365 days) | TOTAL: 21660 | AVG_DAILY: 59.34
ITEM: 谭政 | PERIOD: 2024-09-30 to 2025-09-30 (365 days) | TOTAL: 17467 | AVG_DAILY: 47.85
ITEM: 蔡畅 | PERIOD: 2024-09-30 to 2025-09-30 (365 days) | TOTAL: 16708 | AVG_DAILY: 45.78
ITEM: 吴玉章 | PERIOD: 2024-09-30 to 2025-09-30 (365 days) | TOTAL: 15385 | AVG_DAILY: 42.15
ITEM: 谢觉哉 | PERIOD: 2024-09-30 to 2025-09-30 (365 days) | TOTAL: 13091 | AVG_DAILY: 35.87
ITEM: 徐特立 | PERIOD: 2024-09-30 to 2025-09-30 (365 days) | TOTAL: 11964 | AVG_DAILY: 32.78
ITEM: 凌孜 | PERIOD: 2024-09-30 to 2025-09-30 (365 days) | TOTAL: 8676 | AVG_DAILY: 23.77
ITEM: 杨殷 | PERIOD: 2024-09-30 to 2025-09-30 (365 days) | TOTAL: 4958 | AVG_DAILY: 13.58
ITEM: 羅季翁·馬利諾夫斯基 | PERIOD: 2024-09-30 to 2025-09-30 (365 days) | TOTAL: 2821 | AVG_DAILY: 7.73
ITEM: 林利 (学者) | PERIOD: 2024-09-30 to 2025-09-30 (365 days) | TOTAL: 1667 | AVG_DAILY: 4.57
ITEM: 陳良珍 | PERIOD: 2024-09-30 to 2025-09-30 (365 days) | TOTAL: 588 | AVG_DAILY: 1.61
ITEM: 中华人民共和国 | PERIOD: 2024-09-30 to 2025-09-30 (365 days) | TOTAL: 1679416 | AVG_DAILY: 4601.14
ITEM: 中国共产党 | PERIOD: 2024-09-30 to 2025-09-30 (365 days) | TOTAL: 556890 | AVG_DAILY: 1525.73
ITEM: 中国共产党中央政治局常务委员会 | PERIOD: 2024-09-30 to 2025-09-30 (365 days) | TOTAL: 382698 | AVG_DAILY: 1048.49
ITEM: 中华人民共和国主席 | PERIOD: 2024-09-30 to 2025-09-30 (365 days) | TOTAL: 356233 | AVG_DAILY: 975.98
ITEM: 中国人民解放军 | PERIOD: 2024-09-30 to 2025-09-30 (365 days) | TOTAL: 342029 | AVG_DAILY: 937.07
ITEM: 中国共产党中央政治局 | PERIOD: 2024-09-30 to 2025-09-30 (365 days) | TOTAL: 307167 | AVG_DAILY: 841.55
ITEM: 中央军事委员会 | PERIOD: 2024-09-30 to 2025-09-30 (365 days) | TOTAL: 244621 | AVG_DAILY: 670.19
ITEM: 中国共产党中央委员会总书记 | PERIOD: 2024-09-30 to 2025-09-30 (365 days) | TOTAL: 214897 | AVG_DAILY: 588.76
ITEM: 中共八大元老 | PERIOD: 2024-09-30 to 2025-09-30 (365 days) | TOTAL: 205337 | AVG_DAILY: 562.57
ITEM: 党和国家领导人 | PERIOD: 2024-09-30 to 2025-09-30 (365 days) | TOTAL: 194083 | AVG_DAILY: 531.73
ITEM: 中国共产党中央委员会 | PERIOD: 2024-09-30 to 2025-09-30 (365 days) | TOTAL: 142307 | AVG_DAILY: 389.88
ITEM: 中华人民共和国元帅 | PERIOD: 2024-09-30 to 2025-09-30 (365 days) | TOTAL: 129086 | AVG_DAILY: 353.66
ITEM: 全国人民代表大会 | PERIOD: 2024-09-30 to 2025-09-30 (365 days) | TOTAL: 128493 | AVG_DAILY: 352.04
ITEM: 中华人民共和国国务院 | PERIOD: 2024-09-30 to 2025-09-30 (365 days) | TOTAL: 128357 | AVG_DAILY: 351.66
ITEM: 國民政府 | PERIOD: 2024-09-30 to 2025-09-30 (365 days) | TOTAL: 126215 | AVG_DAILY: 345.79
ITEM: 中华人民共和国国务院总理 | PERIOD: 2024-09-30 to 2025-09-30 (365 days) | TOTAL: 104014 | AVG_DAILY: 284.97
ITEM: 中国共产党中央书记处 | PERIOD: 2024-09-30 to 2025-09-30 (365 days) | TOTAL: 94509 | AVG_DAILY: 258.93
ITEM: 中华人民共和国副主席 | PERIOD: 2024-09-30 to 2025-09-30 (365 days) | TOTAL: 79412 | AVG_DAILY: 217.57
ITEM: 中国共产党中央军事委员会主席 | PERIOD: 2024-09-30 to 2025-09-30 (365 days) | TOTAL: 78019 | AVG_DAILY: 213.75
ITEM: 中华人民共和国国务院副总理 | PERIOD: 2024-09-30 to 2025-09-30 (365 days) | TOTAL: 75976 | AVG_DAILY: 208.15
ITEM: 中国共产党中央纪律检查委员会 | PERIOD: 2024-09-30 to 2025-09-30 (365 days) | TOTAL: 71826 | AVG_DAILY: 196.78
ITEM: 中國共產黨中央軍事委員會副主席 | PERIOD: 2024-09-30 to 2025-09-30 (365 days) | TOTAL: 70105 | AVG_DAILY: 192.07
ITEM: 中国共产党中央委员会主席 | PERIOD: 2024-09-30 to 2025-09-30 (365 days) | TOTAL: 67468 | AVG_DAILY: 184.84
ITEM: 國民政府軍事委員會調查統計局 | PERIOD: 2024-09-30 to 2025-09-30 (365 days) | TOTAL: 66064 | AVG_DAILY: 181.00
ITEM: 中国人民政治协商会议 | PERIOD: 2024-09-30 to 2025-09-30 (365 days) | TOTAL: 58124 | AVG_DAILY: 159.24
ITEM: 中华人民共和国国防部 | PERIOD: 2024-09-30 to 2025-09-30 (365 days) | TOTAL: 40767 | AVG_DAILY: 111.69
ITEM: 中华人民共和国中央军事委员会主席 | PERIOD: 2024-09-30 to 2025-09-30 (365 days) | TOTAL: 36979 | AVG_DAILY: 101.31
ITEM: 中国共产党领导集体 | PERIOD: 2024-09-30 to 2025-09-30 (365 days) | TOTAL: 29675 | AVG_DAILY: 81.30
ITEM: 京都大学 | PERIOD: 2024-09-30 to 2025-09-30 (365 days) | TOTAL: 28211 | AVG_DAILY: 77.29
ITEM: 中共中央主要负责人 | PERIOD: 2024-09-30 to 2025-09-30 (365 days) | TOTAL: 25967 | AVG_DAILY: 71.14
ITEM: 九州大学 | PERIOD: 2024-09-30 to 2025-09-30 (365 days) | TOTAL: 24261 | AVG_DAILY: 66.47
ITEM: 中央文化革命小组 | PERIOD: 2024-09-30 to 2025-09-30 (365 days) | TOTAL: 23197 | AVG_DAILY: 63.55
ITEM: 领导核心 | PERIOD: 2024-09-30 to 2025-09-30 (365 days) | TOTAL: 22693 | AVG_DAILY: 62.17
ITEM: 中國共產黨中央委員會副主席 | PERIOD: 2024-09-30 to 2025-09-30 (365 days) | TOTAL: 22686 | AVG_DAILY: 62.15
ITEM: 中国人民解放军陆军第七十九集团军 | PERIOD: 2024-09-30 to 2025-09-30 (365 days) | TOTAL: 22332 | AVG_DAILY: 61.18
ITEM: 中国共产党中央纪律检查委员会书记 | PERIOD: 2024-09-30 to 2025-09-30 (365 days) | TOTAL: 20633 | AVG_DAILY: 56.53
ITEM: 中华人民共和国科学技术部 | PERIOD: 2024-09-30 to 2025-09-30 (365 days) | TOTAL: 19160 | AVG_DAILY: 52.49
ITEM: 中華人民共和國中央軍事委員會副主席 | PERIOD: 2024-09-30 to 2025-09-30 (365 days) | TOTAL: 17038 | AVG_DAILY: 46.68
ITEM: 广州中华民国政府 | PERIOD: 2024-09-30 to 2025-09-30 (365 days) | TOTAL: 15774 | AVG_DAILY: 43.22
ITEM: 五大书记 | PERIOD: 2024-09-30 to 2025-09-30 (365 days) | TOTAL: 15295 | AVG_DAILY: 41.90
ITEM: 中国共产党中央委员会直属机构 | PERIOD: 2024-09-30 to 2025-09-30 (365 days) | TOTAL: 14411 | AVG_DAILY: 39.48
ITEM: 中國工農紅軍第一方面軍 | PERIOD: 2024-09-30 to 2025-09-30 (365 days) | TOTAL: 10525 | AVG_DAILY: 28.84
ITEM: 中华人民共和国国防委员会 | PERIOD: 2024-09-30 to 2025-09-30 (365 days) | TOTAL: 9683 | AVG_DAILY: 26.53
ITEM: 毛刘周朱陈林邓 | PERIOD: 2024-09-30 to 2025-09-30 (365 days) | TOTAL: 9647 | AVG_DAILY: 26.43
ITEM: 中华人民共和国中央人民政府 (1949年—1954年) | PERIOD: 2024-09-30 to 2025-09-30 (365 days) | TOTAL: 9368 | AVG_DAILY: 25.67
ITEM: 中央人民政府委员会 | PERIOD: 2024-09-30 to 2025-09-30 (365 days) | TOTAL: 8737 | AVG_DAILY: 23.94
ITEM: 中央人民政府人民革命军事委员会 | PERIOD: 2024-09-30 to 2025-09-30 (365 days) | TOTAL: 8047 | AVG_DAILY: 22.05
ITEM: 国际派 (中国共产党) | PERIOD: 2024-09-30 to 2025-09-30 (365 days) | TOTAL: 6936 | AVG_DAILY: 19.00
ITEM: 中共中央秘书长 | PERIOD: 2024-09-30 to 2025-09-30 (365 days) | TOTAL: 6869 | AVG_DAILY: 18.82
ITEM: 中國共產黨中央書記處總書記 | PERIOD: 2024-09-30 to 2025-09-30 (365 days) | TOTAL: 6568 | AVG_DAILY: 17.99
ITEM: 四川省成都市石室中学 | PERIOD: 2024-09-30 to 2025-09-30 (365 days) | TOTAL: 6301 | AVG_DAILY: 17.26
ITEM: 上海市第三女子中学 | PERIOD: 2024-09-30 to 2025-09-30 (365 days) | TOTAL: 5969 | AVG_DAILY: 16.35
ITEM: 中国工农红军第一军团 | PERIOD: 2024-09-30 to 2025-09-30 (365 days) | TOTAL: 5213 | AVG_DAILY: 14.28
ITEM: 中国人民解放军陆军合成第一一六旅 | PERIOD: 2024-09-30 to 2025-09-30 (365 days) | TOTAL: 4379 | AVG_DAILY: 12.00
ITEM: 中华苏维埃共和国中央革命军事委员会 | PERIOD: 2024-09-30 to 2025-09-30 (365 days) | TOTAL: 3555 | AVG_DAILY: 9.74
ITEM: 延安五老 | PERIOD: 2024-09-30 to 2025-09-30 (365 days) | TOTAL: 2650 | AVG_DAILY: 7.26
ITEM: 常德市第一中学 | PERIOD: 2024-09-30 to 2025-09-30 (365 days) | TOTAL: 1088 | AVG_DAILY: 2.98
ITEM: 中国工农红军第二十二军 | PERIOD: 2024-09-30 to 2025-09-30 (365 days) | TOTAL: 736 | AVG_DAILY: 2.02
ITEM: 重慶市江津中學校 | PERIOD: 2024-09-30 to 2025-09-30 (365 days) | TOTAL: 329 | AVG_DAILY: 0.90
ITEM: 文化大革命 | PERIOD: 2024-09-30 to 2025-09-30 (365 days) | TOTAL: 1185285 | AVG_DAILY: 3247.36
ITEM: 六四事件 | PERIOD: 2024-09-30 to 2025-09-30 (365 days) | TOTAL: 3315159 | AVG_DAILY: 9082.63
ITEM: 粉碎四人帮 | PERIOD: 2024-09-30 to 2025-09-30 (365 days) | TOTAL: 220995 | AVG_DAILY: 605.47
ITEM: 南昌起義 | PERIOD: 2024-09-30 to 2025-09-30 (365 days) | TOTAL: 52175 | AVG_DAILY: 142.95
ITEM: 西山會議 | PERIOD: 2024-09-30 to 2025-09-30 (365 days) | TOTAL: 10863 | AVG_DAILY: 29.76
ITEM: 中央蘇區第四次反圍剿戰爭 | PERIOD: 2024-09-30 to 2025-09-30 (365 days) | TOTAL: 6644 | AVG_DAILY: 18.20
ITEM: 江油未成年人欺凌事件 | PERIOD: 2025-08-05 to 2025-09-30 (55 days) | TOTAL: 82781 | AVG_DAILY: 1505.11
ITEM: 马克思主义 | PERIOD: 2024-09-30 to 2025-09-30 (365 days) | TOTAL: 133212 | AVG_DAILY: 364.96
ITEM: 习近平新时代中国特色社会主义思想 | PERIOD: 2024-09-30 to 2025-09-30 (365 days) | TOTAL: 93123 | AVG_DAILY: 255.13
ITEM: 中国特色社会主义 | PERIOD: 2024-09-30 to 2025-09-30 (365 days) | TOTAL: 83989 | AVG_DAILY: 230.11
ITEM: 毛泽东思想 | PERIOD: 2024-09-30 to 2025-09-30 (365 days) | TOTAL: 79791 | AVG_DAILY: 218.61
ITEM: 马克思列宁主义 | PERIOD: 2024-09-30 to 2025-09-30 (365 days) | TOTAL: 44288 | AVG_DAILY: 121.34
ITEM: 國共關係 | PERIOD: 2024-09-30 to 2025-09-30 (365 days) | TOTAL: 40553 | AVG_DAILY: 111.10
ITEM: “三个代表”重要思想 | PERIOD: 2024-09-30 to 2025-09-30 (365 days) | TOTAL: 40335 | AVG_DAILY: 110.51
ITEM: 科学发展观 | PERIOD: 2024-09-30 to 2025-09-30 (365 days) | TOTAL: 27984 | AVG_DAILY: 76.67
ITEM: 列宁主义 | PERIOD: 2024-09-30 to 2025-09-30 (365 days) | TOTAL: 27580 | AVG_DAILY: 75.56
ITEM: 邓小平理论 | PERIOD: 2024-09-30 to 2025-09-30 (365 days) | TOTAL: 23642 | AVG_DAILY: 64.77
ITEM: 一个机构两块牌子 | PERIOD: 2024-09-30 to 2025-09-30 (365 days) | TOTAL: 21119 | AVG_DAILY: 57.86
ITEM: 中国共产党的意识形态 | PERIOD: 2024-09-30 to 2025-09-30 (365 days) | TOTAL: 10839 | AVG_DAILY: 29.70
ITEM: 长春市 | PERIOD: 2024-09-30 to 2025-09-30 (365 days) | TOTAL: 65668 | AVG_DAILY: 179.91
ITEM: 上海公共租界 | PERIOD: 2024-09-30 to 2025-09-30 (365 days) | TOTAL: 42368 | AVG_DAILY: 116.08
ITEM: 延安市 | PERIOD: 2024-09-30 to 2025-09-30 (365 days) | TOTAL: 29064 | AVG_DAILY: 79.63
ITEM: 晋察冀边区 | PERIOD: 2024-09-30 to 2025-09-30 (365 days) | TOTAL: 8914 | AVG_DAILY: 24.42
ITEM: 裕丰纱厂旧址 | PERIOD: 2024-09-30 to 2025-09-30 (365 days) | TOTAL: 3852 | AVG_DAILY: 10.55
ITEM: 黄冈县 | PERIOD: 2024-09-30 to 2025-09-30 (365 days) | TOTAL: 2240 | AVG_DAILY: 6.14
ITEM: 横山区 | PERIOD: 2024-09-30 to 2025-09-30 (365 days) | TOTAL: 2202 | AVG_DAILY: 6.03
ITEM: 萍鄉縣 | PERIOD: 2024-09-30 to 2025-09-30 (365 days) | TOTAL: 1720 | AVG_DAILY: 4.71
ITEM: 沙湾镇 (乐山市) | PERIOD: 2024-09-30 to 2025-09-30 (365 days) | TOTAL: 527 | AVG_DAILY: 1.44
ITEM: 安福县 (清朝) | PERIOD: 2024-09-30 to 2025-09-30 (365 days) | TOTAL: 474 | AVG_DAILY: 1.30

--- 运行开始于: 2025-10-01 20:57:11 UTC ---
ITEM: 习近平 | PERIOD: 2024-09-30 to 2025-09-30 (365 days) | TOTAL: 3557814 | AVG_DAILY: 9747.44
ITEM: 毛泽东 | PERIOD: 2024-09-30 to 2025-09-30 (365 days) | TOTAL: 1308728 | AVG_DAILY: 3585.56
ITEM: 胡锦涛 | PERIOD: 2024-09-30 to 2025-09-30 (365 days) | TOTAL: 1035012 | AVG_DAILY: 2835.65
ITEM: 王洪文 | PERIOD: 2024-09-30 to 2025-09-30 (365 days) | TOTAL: 983384 | AVG_DAILY: 2694.20
ITEM: 邓小平 | PERIOD: 2024-09-30 to 2025-09-30 (365 days) | TOTAL: 917718 | AVG_DAILY: 2514.30
ITEM: 蔣中正 | PERIOD: 2024-09-30 to 2025-09-30 (365 days) | TOTAL: 855903 | AVG_DAILY: 2344.94
ITEM: 江泽民 | PERIOD: 2024-09-30 to 2025-09-30 (365 days) | TOTAL: 782526 | AVG_DAILY: 2143.91
ITEM: 李克强 | PERIOD: 2024-09-30 to 2025-09-30 (365 days) | TOTAL: 778896 | AVG_DAILY: 2133.96
ITEM: 林彪 | PERIOD: 2024-09-30 to 2025-09-30 (365 days) | TOTAL: 694383 | AVG_DAILY: 1902.42
ITEM: 习仲勋 | PERIOD: 2024-09-30 to 2025-09-30 (365 days) | TOTAL: 646020 | AVG_DAILY: 1769.92
ITEM: 赵紫阳 | PERIOD: 2024-09-30 to 2025-09-30 (365 days) | TOTAL: 637434 | AVG_DAILY: 1746.39
ITEM: 李强 (1959年) | PERIOD: 2024-09-30 to 2025-09-30 (365 days) | TOTAL: 619013 | AVG_DAILY: 1695.93
ITEM: 王沪宁 | PERIOD: 2024-09-30 to 2025-09-30 (365 days) | TOTAL: 594278 | AVG_DAILY: 1628.16
ITEM: 江青 | PERIOD: 2024-09-30 to 2025-09-30 (365 days) | TOTAL: 555015 | AVG_DAILY: 1520.59
ITEM: 胡耀邦 | PERIOD: 2024-09-30 to 2025-09-30 (365 days) | TOTAL: 514489 | AVG_DAILY: 1409.56
ITEM: 周永康 | PERIOD: 2024-09-30 to 2025-09-30 (365 days) | TOTAL: 509371 | AVG_DAILY: 1395.54
ITEM: 华国锋 | PERIOD: 2024-09-30 to 2025-09-30 (365 days) | TOTAL: 466058 | AVG_DAILY: 1276.87
ITEM: 蔡奇 | PERIOD: 2024-09-30 to 2025-09-30 (365 days) | TOTAL: 458006 | AVG_DAILY: 1254.81
ITEM: 周恩来 | PERIOD: 2024-09-30 to 2025-09-30 (365 days) | TOTAL: 447276 | AVG_DAILY: 1225.41
ITEM: 叶剑英 | PERIOD: 2024-09-30 to 2025-09-30 (365 days) | TOTAL: 432822 | AVG_DAILY: 1185.81
ITEM: 刘少奇 | PERIOD: 2024-09-30 to 2025-09-30 (365 days) | TOTAL: 423623 | AVG_DAILY: 1160.61
ITEM: 温家宝 | PERIOD: 2024-09-30 to 2025-09-30 (365 days) | TOTAL: 403691 | AVG_DAILY: 1106.00
ITEM: 朱镕基 | PERIOD: 2024-09-30 to 2025-09-30 (365 days) | TOTAL: 398281 | AVG_DAILY: 1091.18
ITEM: 丁薛祥 | PERIOD: 2024-09-30 to 2025-09-30 (365 days) | TOTAL: 394110 | AVG_DAILY: 1079.75
ITEM: 王岐山 | PERIOD: 2024-09-30 to 2025-09-30 (365 days) | TOTAL: 370547 | AVG_DAILY: 1015.20
ITEM: 吴邦国 | PERIOD: 2024-09-30 to 2025-09-30 (365 days) | TOTAL: 351814 | AVG_DAILY: 963.87
ITEM: 陈云 | PERIOD: 2024-09-30 to 2025-09-30 (365 days) | TOTAL: 345017 | AVG_DAILY: 945.25
ITEM: 韩正 | PERIOD: 2024-09-30 to 2025-09-30 (365 days) | TOTAL: 328098 | AVG_DAILY: 898.90
ITEM: 彭德怀 | PERIOD: 2024-09-30 to 2025-09-30 (365 days) | TOTAL: 299008 | AVG_DAILY: 819.20
ITEM: 赵乐际 | PERIOD: 2024-09-30 to 2025-09-30 (365 days) | TOTAL: 288879 | AVG_DAILY: 791.45
ITEM: 曾庆红 | PERIOD: 2024-09-30 to 2025-09-30 (365 days) | TOTAL: 276923 | AVG_DAILY: 758.69
ITEM: 宋庆龄 | PERIOD: 2024-09-30 to 2025-09-30 (365 days) | TOTAL: 273814 | AVG_DAILY: 750.18
ITEM: 杨尚昆 | PERIOD: 2024-09-30 to 2025-09-30 (365 days) | TOTAL: 272507 | AVG_DAILY: 746.59
ITEM: 薄一波 | PERIOD: 2024-09-30 to 2025-09-30 (365 days) | TOTAL: 262728 | AVG_DAILY: 719.80
ITEM: 李鹏 | PERIOD: 2024-09-30 to 2025-09-30 (365 days) | TOTAL: 255832 | AVG_DAILY: 700.91
ITEM: 朱德 | PERIOD: 2024-09-30 to 2025-09-30 (365 days) | TOTAL: 220683 | AVG_DAILY: 604.61
ITEM: 张春桥 | PERIOD: 2024-09-30 to 2025-09-30 (365 days) | TOTAL: 219402 | AVG_DAILY: 601.10
ITEM: 李希 | PERIOD: 2024-09-30 to 2025-09-30 (365 days) | TOTAL: 217972 | AVG_DAILY: 597.18
ITEM: 康生 | PERIOD: 2024-09-30 to 2025-09-30 (365 days) | TOTAL: 206221 | AVG_DAILY: 564.99
ITEM: 汪洋 (1955年) | PERIOD: 2024-09-30 to 2025-09-30 (365 days) | TOTAL: 200019 | AVG_DAILY: 548.00
ITEM: 栗战书 | PERIOD: 2024-09-30 to 2025-09-30 (365 days) | TOTAL: 181414 | AVG_DAILY: 497.02
ITEM: 张高丽 | PERIOD: 2024-09-30 to 2025-09-30 (365 days) | TOTAL: 173633 | AVG_DAILY: 475.71
ITEM: 李先念 | PERIOD: 2024-09-30 to 2025-09-30 (365 days) | TOTAL: 168669 | AVG_DAILY: 462.11
ITEM: 高岗 | PERIOD: 2024-09-30 to 2025-09-30 (365 days) | TOTAL: 166473 | AVG_DAILY: 456.09
ITEM: 张国焘 | PERIOD: 2024-09-30 to 2025-09-30 (365 days) | TOTAL: 164961 | AVG_DAILY: 451.95
ITEM: 宋平 | PERIOD: 2024-09-30 to 2025-09-30 (365 days) | TOTAL: 163110 | AVG_DAILY: 446.88
ITEM: 陈独秀 | PERIOD: 2024-09-30 to 2025-09-30 (365 days) | TOTAL: 157079 | AVG_DAILY: 430.35
ITEM: 俞正声 | PERIOD: 2024-09-30 to 2025-09-30 (365 days) | TOTAL: 152311 | AVG_DAILY: 417.29
ITEM: 郭沫若 | PERIOD: 2024-09-30 to 2025-09-30 (365 days) | TOTAL: 141093 | AVG_DAILY: 386.56
ITEM: 王震 | PERIOD: 2024-09-30 to 2025-09-30 (365 days) | TOTAL: 136852 | AVG_DAILY: 374.94
ITEM: 荣毅仁 | STATUS: FAILED | REASON: Page not found or creation date inaccessible
ITEM: 贺龙 | STATUS: FAILED | REASON: Page not found or creation date inaccessible
ITEM: 粟裕 | STATUS: FAILED | REASON: Page not found or creation date inaccessible
ITEM: 贾庆林 | STATUS: FAILED | REASON: Page not found or creation date inaccessible
ITEM: 李瑞环 | STATUS: FAILED | REASON: Page not found or creation date inaccessible
ITEM: 陈毅 | STATUS: FAILED | REASON: Page not found or creation date inaccessible
ITEM: 姚文元 | STATUS: FAILED | REASON: Page not found or creation date inaccessible
ITEM: 乌兰夫 | STATUS: FAILED | REASON: Page not found or creation date inaccessible
ITEM: 王明 | PERIOD: 2024-09-30 to 2025-09-30 (365 days) | TOTAL: 107080 | AVG_DAILY: 293.37
ITEM: 黄菊 | PERIOD: 2024-09-30 to 2025-09-30 (365 days) | TOTAL: 104290 | AVG_DAILY: 285.73
ITEM: 许世友 | PERIOD: 2024-09-30 to 2025-09-30 (365 days) | TOTAL: 103632 | AVG_DAILY: 283.92
ITEM: 徐向前 | PERIOD: 2024-09-30 to 2025-09-30 (365 days) | TOTAL: 102972 | AVG_DAILY: 282.12
ITEM: 胡启立 | PERIOD: 2024-09-30 to 2025-09-30 (365 days) | TOTAL: 102868 | AVG_DAILY: 281.83
ITEM: 博古 | PERIOD: 2024-09-30 to 2025-09-30 (365 days) | TOTAL: 97005 | AVG_DAILY: 265.77
ITEM: 陈伯达 | PERIOD: 2024-09-30 to 2025-09-30 (365 days) | TOTAL: 97087 | AVG_DAILY: 265.99
ITEM: 刘伯承 | PERIOD: 2024-09-30 to 2025-09-30 (365 days) | TOTAL: 96948 | AVG_DAILY: 265.61
ITEM: 张闻天 | PERIOD: 2024-09-30 to 2025-09-30 (365 days) | TOTAL: 92535 | AVG_DAILY: 253.52
ITEM: 张德江 | PERIOD: 2024-09-30 to 2025-09-30 (365 days) | TOTAL: 91296 | AVG_DAILY: 250.13
ITEM: 李长春 | PERIOD: 2024-09-30 to 2025-09-30 (365 days) | TOTAL: 90883 | AVG_DAILY: 248.99
ITEM: 姚依林 | PERIOD: 2024-09-30 to 2025-09-30 (365 days) | TOTAL: 88474 | AVG_DAILY: 242.39
ITEM: 万里 | PERIOD: 2024-09-30 to 2025-09-30 (365 days) | TOTAL: 85228 | AVG_DAILY: 233.50
ITEM: 吴官正 | PERIOD: 2024-09-30 to 2025-09-30 (365 days) | TOTAL: 82993 | AVG_DAILY: 227.38
ITEM: 邓颖超 | PERIOD: 2024-09-30 to 2025-09-30 (365 days) | TOTAL: 82056 | AVG_DAILY: 224.81
ITEM: 彭真 | PERIOD: 2024-09-30 to 2025-09-30 (365 days) | TOTAL: 81810 | AVG_DAILY: 224.14
ITEM: 聂荣臻 | PERIOD: 2024-09-30 to 2025-09-30 (365 days) | TOTAL: 81517 | AVG_DAILY: 223.33
ITEM: 乔石 | PERIOD: 2024-09-30 to 2025-09-30 (365 days) | TOTAL: 79380 | AVG_DAILY: 217.48
ITEM: 刘云山 | PERIOD: 2024-09-30 to 2025-09-30 (365 days) | TOTAL: 72639 | AVG_DAILY: 199.01
ITEM: 饶漱石 | PERIOD: 2024-09-30 to 2025-09-30 (365 days) | TOTAL: 70606 | AVG_DAILY: 193.44
ITEM: 贺国强 | PERIOD: 2024-09-30 to 2025-09-30 (365 days) | TOTAL: 70058 | AVG_DAILY: 191.94
ITEM: 董必武 | PERIOD: 2024-09-30 to 2025-09-30 (365 days) | TOTAL: 64792 | AVG_DAILY: 177.51
ITEM: 罗荣桓 | PERIOD: 2024-09-30 to 2025-09-30 (365 days) | TOTAL: 57704 | AVG_DAILY: 158.09
ITEM: 瞿秋白 | PERIOD: 2024-09-30 to 2025-09-30 (365 days) | TOTAL: 57558 | AVG_DAILY: 157.69
ITEM: 罗干 | PERIOD: 2024-09-30 to 2025-09-30 (365 days) | TOTAL: 55359 | AVG_DAILY: 151.67
ITEM: 宋任穷 | PERIOD: 2024-09-30 to 2025-09-30 (365 days) | TOTAL: 51479 | AVG_DAILY: 141.04
ITEM: 刘华清 | STATUS: FAILED | REASON: Page not found or creation date inaccessible
ITEM: 任弼时 | STATUS: FAILED | REASON: Page not found or creation date inaccessible
ITEM: 李岚清 | STATUS: FAILED | REASON: Page not found or creation date inaccessible
ITEM: 黄敬 | STATUS: FAILED | REASON: Page not found or creation date inaccessible
ITEM: 李立三 | STATUS: FAILED | REASON: Page not found or creation date inaccessible
ITEM: 向忠发 | STATUS: FAILED | REASON: Page not found or creation date inaccessible
ITEM: 谭震林 | STATUS: FAILED | REASON: Page not found or creation date inaccessible
ITEM: 李维汉 | STATUS: FAILED | REASON: Page not found or creation date inaccessible
ITEM: 尉健行 | PERIOD: 2024-09-30 to 2025-09-30 (365 days) | TOTAL: 33832 | AVG_DAILY: 92.69
ITEM: 王稼祥 | PERIOD: 2024-09-30 to 2025-09-30 (365 days) | TOTAL: 32029 | AVG_DAILY: 87.75
ITEM: 邓子恢 | PERIOD: 2024-09-30 to 2025-09-30 (365 days) | TOTAL: 31619 | AVG_DAILY: 86.63
ITEM: 李富春 | PERIOD: 2024-09-30 to 2025-09-30 (365 days) | TOTAL: 28506 | AVG_DAILY: 78.10
ITEM: 林伯渠 | PERIOD: 2024-09-30 to 2025-09-30 (365 days) | TOTAL: 21589 | AVG_DAILY: 59.15
ITEM: 谭政 | PERIOD: 2024-09-30 to 2025-09-30 (365 days) | TOTAL: 17408 | AVG_DAILY: 47.69
ITEM: 蔡畅 | PERIOD: 2024-09-30 to 2025-09-30 (365 days) | TOTAL: 16621 | AVG_DAILY: 45.54
ITEM: 吴玉章 | PERIOD: 2024-09-30 to 2025-09-30 (365 days) | TOTAL: 15362 | AVG_DAILY: 42.09
ITEM: 谢觉哉 | PERIOD: 2024-09-30 to 2025-09-30 (365 days) | TOTAL: 13049 | AVG_DAILY: 35.75
ITEM: 徐特立 | PERIOD: 2024-09-30 to 2025-09-30 (365 days) | TOTAL: 11857 | AVG_DAILY: 32.48
ITEM: 凌孜 | PERIOD: 2024-09-30 to 2025-09-30 (365 days) | TOTAL: 8668 | AVG_DAILY: 23.75
ITEM: 杨殷 | PERIOD: 2024-09-30 to 2025-09-30 (365 days) | TOTAL: 4919 | AVG_DAILY: 13.48
ITEM: 羅季翁·馬利諾夫斯基 | PERIOD: 2024-09-30 to 2025-09-30 (365 days) | TOTAL: 2799 | AVG_DAILY: 7.67
ITEM: 林利 (学者) | PERIOD: 2024-09-30 to 2025-09-30 (365 days) | TOTAL: 1643 | AVG_DAILY: 4.50
ITEM: 陳良珍 | PERIOD: 2024-09-30 to 2025-09-30 (365 days) | TOTAL: 579 | AVG_DAILY: 1.59
ITEM: 文化大革命 | PERIOD: 2024-09-30 to 2025-09-30 (365 days) | TOTAL: 1183796 | AVG_DAILY: 3243.28
ITEM: 六四事件 | PERIOD: 2024-09-30 to 2025-09-30 (365 days) | TOTAL: 3310055 | AVG_DAILY: 9068.64
ITEM: 粉碎四人帮 | PERIOD: 2024-09-30 to 2025-09-30 (365 days) | TOTAL: 220726 | AVG_DAILY: 604.73
ITEM: 江油未成年人欺凌事件 | PERIOD: 2025-08-05 to 2025-09-30 (56 days) | TOTAL: 82781 | AVG_DAILY: 1478.23
ITEM: 南昌起義 | PERIOD: 2024-09-30 to 2025-09-30 (365 days) | TOTAL: 51974 | AVG_DAILY: 142.39
ITEM: 西山會議 | PERIOD: 2024-09-30 to 2025-09-30 (365 days) | TOTAL: 10833 | AVG_DAILY: 29.68
ITEM: 中央蘇區第四次反圍剿戰爭 | PERIOD: 2024-09-30 to 2025-09-30 (365 days) | TOTAL: 6586 | AVG_DAILY: 18.04
ITEM: 中华人民共和国 | PERIOD: 2024-09-30 to 2025-09-30 (365 days) | TOTAL: 1677342 | AVG_DAILY: 4595.46
ITEM: 中国共产党 | PERIOD: 2024-09-30 to 2025-09-30 (365 days) | TOTAL: 556135 | AVG_DAILY: 1523.66
ITEM: 中国共产党中央政治局常务委员会 | PERIOD: 2024-09-30 to 2025-09-30 (365 days) | TOTAL: 382290 | AVG_DAILY: 1047.37
ITEM: 中华人民共和国主席 | PERIOD: 2024-09-30 to 2025-09-30 (365 days) | TOTAL: 355620 | AVG_DAILY: 974.30
ITEM: 中国人民解放军 | STATUS: FAILED | REASON: Page not found or creation date inaccessible
ITEM: 中国共产党中央政治局 | STATUS: FAILED | REASON: Page not found or creation date inaccessible
ITEM: 中央军事委员会 | STATUS: FAILED | REASON: Page not found or creation date inaccessible
ITEM: 中国共产党中央委员会总书记 | STATUS: FAILED | REASON: Page not found or creation date inaccessible
ITEM: 中共八大元老 | STATUS: FAILED | REASON: Page not found or creation date inaccessible
ITEM: 党和国家领导人 | STATUS: FAILED | REASON: Page not found or creation date inaccessible
ITEM: 中国共产党中央委员会 | STATUS: FAILED | REASON: Page not found or creation date inaccessible
ITEM: 中华人民共和国元帅 | STATUS: FAILED | REASON: Page not found or creation date inaccessible
ITEM: 全国人民代表大会 | PERIOD: 2024-09-30 to 2025-09-30 (365 days) | TOTAL: 128309 | AVG_DAILY: 351.53
ITEM: 中华人民共和国国务院 | PERIOD: 2024-09-30 to 2025-09-30 (365 days) | TOTAL: 128026 | AVG_DAILY: 350.76
ITEM: 國民政府 | PERIOD: 2024-09-30 to 2025-09-30 (365 days) | TOTAL: 125968 | AVG_DAILY: 345.12
ITEM: 中华人民共和国国务院总理 | PERIOD: 2024-09-30 to 2025-09-30 (365 days) | TOTAL: 103852 | AVG_DAILY: 284.53
ITEM: 中国共产党中央书记处 | PERIOD: 2024-09-30 to 2025-09-30 (365 days) | TOTAL: 94272 | AVG_DAILY: 258.28
ITEM: 中华人民共和国副主席 | PERIOD: 2024-09-30 to 2025-09-30 (365 days) | TOTAL: 79223 | AVG_DAILY: 217.05
ITEM: 中国共产党中央军事委员会主席 | PERIOD: 2024-09-30 to 2025-09-30 (365 days) | TOTAL: 77833 | AVG_DAILY: 213.24
ITEM: 中华人民共和国国务院副总理 | PERIOD: 2024-09-30 to 2025-09-30 (365 days) | TOTAL: 75850 | AVG_DAILY: 207.81
ITEM: 中国共产党中央纪律检查委员会 | PERIOD: 2024-09-30 to 2025-09-30 (365 days) | TOTAL: 71585 | AVG_DAILY: 196.12
ITEM: 中國共產黨中央軍事委員會副主席 | PERIOD: 2024-09-30 to 2025-09-30 (365 days) | TOTAL: 69836 | AVG_DAILY: 191.33
ITEM: 中国共产党中央委员会主席 | PERIOD: 2024-09-30 to 2025-09-30 (365 days) | TOTAL: 67376 | AVG_DAILY: 184.59
ITEM: 國民政府軍事委員會調查統計局 | PERIOD: 2024-09-30 to 2025-09-30 (365 days) | TOTAL: 65929 | AVG_DAILY: 180.63
ITEM: 中国人民政治协商会议 | PERIOD: 2024-09-30 to 2025-09-30 (365 days) | TOTAL: 57985 | AVG_DAILY: 158.86
ITEM: 中华人民共和国国防部 | PERIOD: 2024-09-30 to 2025-09-30 (365 days) | TOTAL: 40624 | AVG_DAILY: 111.30
ITEM: 中华人民共和国中央军事委员会主席 | PERIOD: 2024-09-30 to 2025-09-30 (365 days) | TOTAL: 36920 | AVG_DAILY: 101.15
ITEM: 中国共产党领导集体 | PERIOD: 2024-09-30 to 2025-09-30 (365 days) | TOTAL: 29416 | AVG_DAILY: 80.59
ITEM: 京都大学 | PERIOD: 2024-09-30 to 2025-09-30 (365 days) | TOTAL: 28122 | AVG_DAILY: 77.05
ITEM: 中共中央主要负责人 | PERIOD: 2024-09-30 to 2025-09-30 (365 days) | TOTAL: 25909 | AVG_DAILY: 70.98
ITEM: 九州大学 | PERIOD: 2024-09-30 to 2025-09-30 (365 days) | TOTAL: 24163 | AVG_DAILY: 66.20
ITEM: 中央文化革命小组 | PERIOD: 2024-09-30 to 2025-09-30 (365 days) | TOTAL: 23061 | AVG_DAILY: 63.18
ITEM: 领导核心 | PERIOD: 2024-09-30 to 2025-09-30 (365 days) | TOTAL: 22586 | AVG_DAILY: 61.88
ITEM: 中國共產黨中央委員會副主席 | PERIOD: 2024-09-30 to 2025-09-30 (365 days) | TOTAL: 22621 | AVG_DAILY: 61.98
ITEM: 中国人民解放军陆军第七十九集团军 | PERIOD: 2024-09-30 to 2025-09-30 (365 days) | TOTAL: 22233 | AVG_DAILY: 60.91
ITEM: 中国共产党中央纪律检查委员会书记 | PERIOD: 2024-09-30 to 2025-09-30 (365 days) | TOTAL: 20591 | AVG_DAILY: 56.41
ITEM: 中华人民共和国科学技术部 | PERIOD: 2024-09-30 to 2025-09-30 (365 days) | TOTAL: 18991 | AVG_DAILY: 52.03
ITEM: 中華人民共和國中央軍事委員會副主席 | PERIOD: 2024-09-30 to 2025-09-30 (365 days) | TOTAL: 16988 | AVG_DAILY: 46.54
ITEM: 广州中华民国政府 | STATUS: FAILED | REASON: Page not found or creation date inaccessible
ITEM: 五大书记 | STATUS: FAILED | REASON: Page not found or creation date inaccessible
ITEM: 中国共产党中央委员会直属机构 | STATUS: FAILED | REASON: Page not found or creation date inaccessible
ITEM: 中國工農紅軍第一方面軍 | STATUS: FAILED | REASON: Page not found or creation date inaccessible
ITEM: 中华人民共和国国防委员会 | STATUS: FAILED | REASON: Page not found or creation date inaccessible
ITEM: 毛刘周朱陈林邓 | STATUS: FAILED | REASON: Page not found or creation date inaccessible
ITEM: 中华人民共和国中央人民政府 (1949年—1954年) | STATUS: FAILED | REASON: Page not found or creation date inaccessible
ITEM: 中央人民政府委员会 | STATUS: FAILED | REASON: Page not found or creation date inaccessible
ITEM: 中央人民政府人民革命军事委员会 | PERIOD: 2024-09-30 to 2025-09-30 (365 days) | TOTAL: 7988 | AVG_DAILY: 21.88
ITEM: 国际派 (中国共产党) | PERIOD: 2024-09-30 to 2025-09-30 (365 days) | TOTAL: 6916 | AVG_DAILY: 18.95
ITEM: 中共中央秘书长 | PERIOD: 2024-09-30 to 2025-09-30 (365 days) | TOTAL: 6820 | AVG_DAILY: 18.68
ITEM: 中國共產黨中央書記處總書記 | PERIOD: 2024-09-30 to 2025-09-30 (365 days) | TOTAL: 6537 | AVG_DAILY: 17.91
ITEM: 四川省成都市石室中学 | PERIOD: 2024-09-30 to 2025-09-30 (365 days) | TOTAL: 6282 | AVG_DAILY: 17.21
ITEM: 上海市第三女子中学 | PERIOD: 2024-09-30 to 2025-09-30 (365 days) | TOTAL: 5950 | AVG_DAILY: 16.30
ITEM: 中国工农红军第一军团 | PERIOD: 2024-09-30 to 2025-09-30 (365 days) | TOTAL: 5167 | AVG_DAILY: 14.16
ITEM: 中国人民解放军陆军合成第一一六旅 | PERIOD: 2024-09-30 to 2025-09-30 (365 days) | TOTAL: 4352 | AVG_DAILY: 11.92
ITEM: 中华苏维埃共和国中央革命军事委员会 | PERIOD: 2024-09-30 to 2025-09-30 (365 days) | TOTAL: 3541 | AVG_DAILY: 9.70
ITEM: 延安五老 | PERIOD: 2024-09-30 to 2025-09-30 (365 days) | TOTAL: 2643 | AVG_DAILY: 7.24
ITEM: 常德市第一中学 | PERIOD: 2024-09-30 to 2025-09-30 (365 days) | TOTAL: 1077 | AVG_DAILY: 2.95
ITEM: 中国工农红军第二十二军 | PERIOD: 2024-09-30 to 2025-09-30 (365 days) | TOTAL: 725 | AVG_DAILY: 1.99
ITEM: 重慶市江津中學校 | PERIOD: 2024-09-30 to 2025-09-30 (365 days) | TOTAL: 310 | AVG_DAILY: 0.85
ITEM: 马克思主义 | PERIOD: 2024-09-30 to 2025-09-30 (365 days) | TOTAL: 132929 | AVG_DAILY: 364.19
ITEM: 习近平新时代中国特色社会主义思想 | PERIOD: 2024-09-30 to 2025-09-30 (365 days) | TOTAL: 92964 | AVG_DAILY: 254.70
ITEM: 中国特色社会主义 | PERIOD: 2024-09-30 to 2025-09-30 (365 days) | TOTAL: 83813 | AVG_DAILY: 229.62
ITEM: 毛泽东思想 | PERIOD: 2024-09-30 to 2025-09-30 (365 days) | TOTAL: 79612 | AVG_DAILY: 218.12
ITEM: 马克思列宁主义 | PERIOD: 2024-09-30 to 2025-09-30 (365 days) | TOTAL: 44245 | AVG_DAILY: 121.22
ITEM: 國共關係 | PERIOD: 2024-09-30 to 2025-09-30 (365 days) | TOTAL: 40438 | AVG_DAILY: 110.79
ITEM: “三个代表”重要思想 | PERIOD: 2024-09-30 to 2025-09-30 (365 days) | TOTAL: 40205 | AVG_DAILY: 110.15
ITEM: 科学发展观 | PERIOD: 2024-09-30 to 2025-09-30 (365 days) | TOTAL: 27880 | AVG_DAILY: 76.38
ITEM: 列宁主义 | PERIOD: 2024-09-30 to 2025-09-30 (365 days) | TOTAL: 27528 | AVG_DAILY: 75.42
ITEM: 邓小平理论 | PERIOD: 2024-09-30 to 2025-09-30 (365 days) | TOTAL: 23599 | AVG_DAILY: 64.65
ITEM: 一个机构两块牌子 | PERIOD: 2024-09-30 to 2025-09-30 (365 days) | TOTAL: 21014 | AVG_DAILY: 57.57
ITEM: 中国共产党的意识形态 | PERIOD: 2024-09-30 to 2025-09-30 (365 days) | TOTAL: 10783 | AVG_DAILY: 29.54
ITEM: 长春市 | PERIOD: 2024-09-30 to 2025-09-30 (365 days) | TOTAL: 65577 | AVG_DAILY: 179.66
ITEM: 上海公共租界 | STATUS: FAILED | REASON: Page not found or creation date inaccessible
ITEM: 延安市 | STATUS: FAILED | REASON: Page not found or creation date inaccessible
ITEM: 晋察冀边区 | STATUS: FAILED | REASON: Page not found or creation date inaccessible
ITEM: 裕丰纱厂旧址 | STATUS: FAILED | REASON: Page not found or creation date inaccessible
ITEM: 黄冈县 | STATUS: FAILED | REASON: Page not found or creation date inaccessible
ITEM: 横山区 | STATUS: FAILED | REASON: Page not found or creation date inaccessible
ITEM: 萍鄉縣 | STATUS: FAILED | REASON: Page not found or creation date inaccessible
ITEM: 沙湾镇 (乐山市) | STATUS: FAILED | REASON: Page not found or creation date inaccessible
ITEM: 安福县 (清朝) | PERIOD: 2024-09-30 to 2025-09-30 (365 days) | TOTAL: 471 | AVG_DAILY: 1.29

--- CATEGORY SUMMARY ---
类别 'organization': 43个有效条目, 平均每日访问频次: 287.22
类别 'person': 91个有效条目, 平均每日访问频次: 807.40
类别 'location': 2个有效条目, 平均每日访问频次: 90.48
类别 'document': 12个有效条目, 平均每日访问频次: 142.70
类别 'event': 6个有效条目, 平均每日访问频次: 1890.29
类别 'movement': 1个有效条目, 平均每日访问频次: 3243.28
