文革_2025-9-25-17-12-15.json
文化大革命_2025-9-25-18-02-37.json
中华人民共和国_2025-09-25-21-35-59.json
中华人民共和国国务院_2025-09-25-21-38-20.json
中华人民共和国国防部_2025-09-25-21-42-03.json
中国人民政治协商会议_2025-09-25-21-48-28.json
中国人民解放军_2025-09-25-21-51-34.json
全国人民代表大会_2025-09-25-21-44-56.json
任弼时_2025-09-25-21-03-00.json
刘伯承_2025-09-25-22-10-26.json
刘少奇_2025-09-25-20-40-55.json
华国锋_2025-09-25-22-18-39.json
叶剑英_2025-09-25-21-21-29.json
周恩来_2025-09-25-20-43-49.json
彭德怀_2025-09-25-20-56-59.json
徐向前_2025-09-25-21-14-34.json
朱德_2025-09-25-20-46-31.json
林彪_2025-09-25-20-53-53.json
毛泽东_2025-09-25-20-37-58.json
罗荣桓_2025-09-25-21-12-06.json
聂荣臻_2025-09-25-21-18-28.json
董必武_2025-09-25-21-00-12.json
贺龙_2025-09-25-21-06-26.json
邓小平_2025-09-25-20-51-19.json
陈云_2025-09-25-20-48-46.json
陈毅_2025-09-25-21-09-19.json
中央文化革命小组_2025-09-26-14-40-37.json
刘少奇_2025-09-26-14-07-44.json
康生_2025-09-26-14-10-10.json
陈伯达_2025-09-26-14-12-24.json
中华人民共和国中央人民政府 (1949年—1954年)_2025-09-26-19-33-20.json
中华人民共和国国防委员会_2025-09-26-19-29-35.json
中华苏维埃共和国中央革命军事委员会_2025-09-26-19-25-15.json
中国共产党_2025-09-26-19-13-28.json
中国共产党中央书记处_2025-09-26-19-22-14.json
中国共产党中央委员会_2025-09-26-19-15-21.json
中国共产党中央政治局_2025-09-26-19-17-27.json
中国共产党中央政治局常务委员会_2025-09-26-19-19-40.json
中央人民政府人民革命军事委员会_2025-09-26-19-26-44.json
中央人民政府委员会_2025-09-26-19-36-10.json
中央军事委员会_2025-09-26-19-31-15.json
姚文元_2025-09-26-19-04-55.json
宋庆龄_2025-09-26-19-11-16.json
张春桥_2025-09-26-19-02-31.json
李先念_2025-09-26-19-09-04.json
江青_2025-09-26-19-00-21.json
王洪文_2025-09-26-19-06-48.json
data_to_be_cleaned_2025-09-27-16-55-20.json
刘伯承_2025-09-28-11-10-19.json
周恩来_2025-09-28-11-07-12.json
王洪文_2025-09-28-11-15-12.json
罗荣桓_2025-09-28-11-12-49.json
redirect_2025-09-27-23-05-03.json
乌兰夫_2025-09-28-16-41-17.json
习仲勋_2025-09-28-16-15-49.json
何翔_2025-09-28-16-36-52.json
张闻天_2025-09-28-16-30-49.json
彭真_2025-09-28-16-10-28.json
李富春_2025-09-28-16-20-25.json
李立三_2025-09-28-16-25-19.json
李维汉_2025-09-28-16-22-40.json
林伯渠_2025-09-28-16-33-50.json
王稼祥_2025-09-28-16-48-59.json
粟裕_2025-09-28-16-46-31.json
蔡畅_2025-09-28-16-26-35.json
薄一波_2025-09-28-16-13-05.json
谭政_2025-09-28-16-43-43.json
谭震林_2025-09-28-16-38-55.json
邓子恢_2025-09-28-16-18-25.json
邓颖超_2025-09-28-16-28-55.json
郭沫若_2025-09-28-16-36-13.json
饶漱石_2025-09-28-16-08-31.json
高岗_2025-09-28-16-06-50.json
党和国家领导人_2025-09-28-21-35-42.json
周恩来_2025-09-28-22-12-19.json
向忠发_2025-09-29-12-05-48.json
瞿秋白_2025-09-29-12-03-44.json
陈独秀_2025-09-29-12-01-52.json
博古_2025-09-29-12-10-11.json
王明_2025-09-29-12-07-39.json
乔石_2025-09-30-09-50-28.json
周恩来_2025-09-30-09-28-45.json
李瑞环_2025-09-30-09-59-23.json
赵紫阳_2025-09-30-09-39-04.json
许世友_2025-09-30-09-35-34.json
胡启立_2025-09-30-09-52-33.json
宋平_2025-09-30-09-48-35.json
万里_2025-09-30-09-42-24.json
李鹏_2025-09-30-09-56-07.json
杨殷_2025-09-30-09-31-28.json
王震_2025-09-30-09-43-47.json
康生_2025-09-30-09-33-36.json
姚依林_2025-09-30-09-45-07.json
张国焘_2025-09-30-09-30-30.json
杨尚昆_2025-09-30-09-40-51.json
江泽民_2025-09-30-09-54-28.json
胡耀邦_2025-09-30-09-37-45.json
宋任穷_2025-09-30-09-46-56.json
文化大革命_2025-09-30-10-01-16.json
蔡畅_2025-10-01-03-33-04.json
向忠发_2025-10-01-02-34-35.json
董必武_2025-10-01-03-04-51.json
李立三_2025-10-01-02-36-43.json
彭真_2025-10-01-03-18-23.json
陈毅_2025-10-01-03-41-28.json
彭德怀_2025-10-01-03-36-33.json
王稼祥_2025-10-01-03-30-12.json
张闻天_2025-10-01-02-41-16.json
周恩来_2025-10-01-02-49-30.json
徐特立_2025-10-01-03-23-13.json
刘少奇_2025-10-01-02-47-55.json
乌兰夫_2025-10-01-03-31-37.json
任弼时_2025-10-01-02-52-39.json
罗荣桓_2025-10-01-03-43-05.json
李维汉_2025-10-01-03-28-31.json
瞿秋白_2025-10-01-02-32-40.json
谢觉哉_2025-10-01-03-25-06.json
陈独秀_2025-10-01-02-31-02.json
吴玉章_2025-10-01-03-27-03.json
谭震林_2025-10-01-03-51-20.json
邓小平_2025-10-01-02-55-46.json
张春桥_2025-10-01-03-10-09.json
邓子恢_2025-10-01-03-49-26.json
李富春_2025-10-01-03-20-07.json
徐向前_2025-10-01-03-44-22.json
姚文元_2025-10-01-03-11-56.json
朱德_2025-10-01-02-50-58.json
陈云_2025-10-01-02-54-20.json
毛泽东_2025-10-01-02-46-19.json
杨殷_2025-10-01-02-44-18.json
贺龙_2025-10-01-03-39-24.json
刘伯承_2025-10-01-03-37-58.json
康生_2025-10-01-03-15-17.json
饶漱石_2025-10-01-03-03-08.json
林彪_2025-10-01-02-59-09.json
张国焘_2025-10-01-02-42-53.json
博古_2025-10-01-02-39-39.json
谭政_2025-10-01-03-53-20.json
陈伯达_2025-10-01-03-16-22.json
高岗_2025-10-01-03-00-57.json
郭沫若_2025-10-01-03-34-58.json
王洪文_2025-10-01-03-13-28.json
叶剑英_2025-10-01-03-47-38.json
王明_2025-10-01-02-38-17.json
宋庆龄_2025-10-01-03-06-54.json
聂荣臻_2025-10-01-03-45-50.json
林伯渠_2025-10-01-03-21-51.json
江青_2025-10-01-03-08-21.json
